# JRE version: Java(TM) SE Runtime Environment (19.0.2+7) (build 19.0.2+7-44)
# Java VM: Java HotSpot(TM) 64-Bit Server VM (19.0.2+7-44, mixed mode, emulated-client, sharing, tiered, compressed oops, compressed class ptrs, g1 gc, windows-amd64)
GC Precious Log:
 CardTable entry size: 512
 Card Set container configuration: InlinePtr #cards 4 size 8 Array Of Cards #cards 16 size 48 Howl #buckets 8 coarsen threshold 3686 Howl Bitmap #cards 512 size 80 coarsen threshold 460 Card regions per heap region 1 cards per card region 4096
 CPUs: 8 total, 8 available
 Memory: 16252M
 Large Page Support: Disabled
 NUMA Support: Disabled
 Compressed Oops: Enabled (Zero based)
 Heap Region Size: 2M
 Heap Min Capacity: 8M
 Heap Initial Capacity: 254M
 Heap Max Capacity: 4064M
 Pre-touch: Disabled
 Parallel Workers: 8
 Concurrent Workers: 2
 Concurrent Refinement Workers: 8
 Periodic GC: Disabled
Heap:
 garbage-first heap   total 622592K, used 180461K [0x0000000702000000, 0x0000000800000000)
  region size 2048K, 2 young (4096K), 2 survivors (4096K)
 Metaspace       used 117392K, committed 119552K, reserved 1179648K
  class space    used 16050K, committed 17152K, reserved 1048576K
GC Heap History (20 events):
Event: 1008.097 GC heap after
{Heap after GC invocations=48 (full 0):
 garbage-first heap   total 655360K, used 167569K [0x0000000702000000, 0x0000000800000000)
  region size 2048K, 2 young (4096K), 2 survivors (4096K)
 Metaspace       used 112695K, committed 114240K, reserved 1179648K
  class space    used 15254K, committed 16128K, reserved 1048576K
}
Event: 1749.066 GC heap before
{Heap before GC invocations=48 (full 0):
 garbage-first heap   total 655360K, used 200337K [0x0000000702000000, 0x0000000800000000)
  region size 2048K, 20 young (40960K), 2 survivors (4096K)
 Metaspace       used 112758K, committed 114304K, reserved 1179648K
  class space    used 15264K, committed 16128K, reserved 1048576K
}
Event: 1749.071 GC heap after
{Heap after GC invocations=49 (full 0):
 garbage-first heap   total 655360K, used 167136K [0x0000000702000000, 0x0000000800000000)
  region size 2048K, 1 young (2048K), 1 survivors (2048K)
 Metaspace       used 112758K, committed 114304K, reserved 1179648K
  class space    used 15264K, committed 16128K, reserved 1048576K
}
Event: 2025.820 GC heap before
{Heap before GC invocations=50 (full 0):
 garbage-first heap   total 561152K, used 503410K [0x0000000702000000, 0x0000000800000000)
  region size 2048K, 164 young (335872K), 1 survivors (2048K)
 Metaspace       used 115568K, committed 117824K, reserved 1179648K
  class space    used 15819K, committed 16960K, reserved 1048576K
}
Event: 2025.840 GC heap after
{Heap after GC invocations=51 (full 0):
 garbage-first heap   total 561152K, used 193211K [0x0000000702000000, 0x0000000800000000)
  region size 2048K, 17 young (34816K), 17 survivors (34816K)
 Metaspace       used 115568K, committed 117824K, reserved 1179648K
  class space    used 15819K, committed 16960K, reserved 1048576K
}
Event: 2025.875 GC heap before
{Heap before GC invocations=51 (full 0):
 garbage-first heap   total 561152K, used 195259K [0x0000000702000000, 0x0000000800000000)
  region size 2048K, 18 young (36864K), 17 survivors (34816K)
 Metaspace       used 115568K, committed 117824K, reserved 1179648K
  class space    used 15819K, committed 16960K, reserved 1048576K
}
Event: 2025.900 GC heap after
{Heap after GC invocations=52 (full 0):
 garbage-first heap   total 561152K, used 177787K [0x0000000702000000, 0x0000000800000000)
  region size 2048K, 2 young (4096K), 2 survivors (4096K)
 Metaspace       used 115568K, committed 117824K, reserved 1179648K
  class space    used 15819K, committed 16960K, reserved 1048576K
}
Event: 2026.598 GC heap before
{Heap before GC invocations=52 (full 0):
 garbage-first heap   total 561152K, used 319099K [0x0000000702000000, 0x0000000800000000)
  region size 2048K, 73 young (149504K), 2 survivors (4096K)
 Metaspace       used 115844K, committed 118144K, reserved 1179648K
  class space    used 15867K, committed 17024K, reserved 1048576K
}
Event: 2026.604 GC heap after
{Heap after GC invocations=53 (full 0):
 garbage-first heap   total 561152K, used 184753K [0x0000000702000000, 0x0000000800000000)
  region size 2048K, 5 young (10240K), 5 survivors (10240K)
 Metaspace       used 115844K, committed 118144K, reserved 1179648K
  class space    used 15867K, committed 17024K, reserved 1048576K
}
Event: 2497.894 GC heap before
{Heap before GC invocations=54 (full 0):
 garbage-first heap   total 561152K, used 449343K [0x0000000702000000, 0x0000000800000000)
  region size 2048K, 131 young (268288K), 5 survivors (10240K)
 Metaspace       used 116581K, committed 118848K, reserved 1179648K
  class space    used 15964K, committed 17088K, reserved 1048576K
}
Event: 2497.916 GC heap after
{Heap after GC invocations=55 (full 0):
 garbage-first heap   total 561152K, used 200700K [0x0000000702000000, 0x0000000800000000)
  region size 2048K, 14 young (28672K), 14 survivors (28672K)
 Metaspace       used 116581K, committed 118848K, reserved 1179648K
  class space    used 15964K, committed 17088K, reserved 1048576K
}
Event: 2497.924 GC heap before
{Heap before GC invocations=55 (full 0):
 garbage-first heap   total 561152K, used 202748K [0x0000000702000000, 0x0000000800000000)
  region size 2048K, 15 young (30720K), 14 survivors (28672K)
 Metaspace       used 116581K, committed 118848K, reserved 1179648K
  class space    used 15964K, committed 17088K, reserved 1048576K
}
Event: 2497.958 GC heap after
{Heap after GC invocations=56 (full 0):
 garbage-first heap   total 561152K, used 179150K [0x0000000702000000, 0x0000000800000000)
  region size 2048K, 2 young (4096K), 2 survivors (4096K)
 Metaspace       used 116581K, committed 118848K, reserved 1179648K
  class space    used 15964K, committed 17088K, reserved 1048576K
}
Event: 2498.203 GC heap before
{Heap before GC invocations=56 (full 0):
 garbage-first heap   total 561152K, used 228302K [0x0000000702000000, 0x0000000800000000)
  region size 2048K, 28 young (57344K), 2 survivors (4096K)
 Metaspace       used 116662K, committed 118912K, reserved 1179648K
  class space    used 15975K, committed 17088K, reserved 1048576K
}
Event: 2498.206 GC heap after
{Heap after GC invocations=57 (full 0):
 garbage-first heap   total 561152K, used 179305K [0x0000000702000000, 0x0000000800000000)
  region size 2048K, 3 young (6144K), 3 survivors (6144K)
 Metaspace       used 116662K, committed 118912K, reserved 1179648K
  class space    used 15975K, committed 17088K, reserved 1048576K
}
Event: 2715.409 GC heap before
{Heap before GC invocations=58 (full 0):
 garbage-first heap   total 561152K, used 445545K [0x0000000702000000, 0x0000000800000000)
  region size 2048K, 132 young (270336K), 3 survivors (6144K)
 Metaspace       used 117319K, committed 119424K, reserved 1179648K
  class space    used 16036K, committed 17088K, reserved 1048576K
}
Event: 2715.426 GC heap after
{Heap after GC invocations=59 (full 0):
 garbage-first heap   total 561152K, used 195409K [0x0000000702000000, 0x0000000800000000)
  region size 2048K, 13 young (26624K), 13 survivors (26624K)
 Metaspace       used 117319K, committed 119424K, reserved 1179648K
  class space    used 16036K, committed 17088K, reserved 1048576K
}
Event: 2715.438 GC heap before
{Heap before GC invocations=59 (full 0):
 garbage-first heap   total 561152K, used 197457K [0x0000000702000000, 0x0000000800000000)
  region size 2048K, 14 young (28672K), 13 survivors (26624K)
 Metaspace       used 117328K, committed 119488K, reserved 1179648K
  class space    used 16038K, committed 17152K, reserved 1048576K
}
Event: 2715.460 GC heap after
{Heap after GC invocations=60 (full 0):
 garbage-first heap   total 561152K, used 178884K [0x0000000702000000, 0x0000000800000000)
  region size 2048K, 2 young (4096K), 2 survivors (4096K)
 Metaspace       used 117328K, committed 119488K, reserved 1179648K
  class space    used 16038K, committed 17152K, reserved 1048576K
}
Event: 2715.628 GC heap before
{Heap before GC invocations=60 (full 0):
 garbage-first heap   total 561152K, used 201412K [0x0000000702000000, 0x0000000800000000)
  region size 2048K, 15 young (30720K), 2 survivors (4096K)
 Metaspace       used 117392K, committed 119552K, reserved 1179648K
  class space    used 16050K, committed 17152K, reserved 1048576K
}

